<?xml version="1.0" encoding="UTF-8"?>
<!-- Generated by org.testng.reporters.JUnitReportReporter -->
<testsuite hostname="LAPTOP-CUFQDMPR" failures="0" tests="5" name="test_Assign.LiksPresent" time="3.754" errors="0" timestamp="2023-04-03T21:15:51 IST" skipped="0">
  <testcase classname="test_Assign.LiksPresent" name="GettingLinks" time="1.856"/>
  <system-out/>
  <testcase classname="test_Assign.LiksPresent" name="HoverClick" time="0.920"/>
  <system-out/>
  <testcase classname="test_Assign.LiksPresent" name="ValidateUrl" time="0.073"/>
  <system-out/>
  <testcase classname="test_Assign.LiksPresent" name="MouseHover" time="0.217"/>
  <system-out/>
  <testcase classname="test_Assign.LiksPresent" name="ViewProfileClick" time="0.688"/>
  <system-out/>
</testsuite> <!-- test_Assign.LiksPresent -->
