<?xml version="1.0" encoding="UTF-8"?>
<!-- Generated by org.testng.reporters.JUnitReportReporter -->
<testsuite hostname="LAPTOP-CUFQDMPR" failures="0" tests="3" name="test_Assign.Nested_frame" time="2.067" errors="0" timestamp="2023-03-30T09:57:02 IST" skipped="0">
  <testcase classname="test_Assign.Nested_frame" name="TestFrames" time="0.588"/>
  <system-out/>
  <testcase classname="test_Assign.Nested_frame" name="TestNestedFrames" time="1.265"/>
  <system-out/>
  <testcase classname="test_Assign.Nested_frame" name="GetMiddleText" time="0.214"/>
  <system-out/>
</testsuite> <!-- test_Assign.Nested_frame -->
